# JRE version: Java(TM) SE Runtime Environment (21.0.5+9) (build 21.0.5+9-LTS-239)
# Java VM: Java HotSpot(TM) 64-Bit Server VM (21.0.5+9-LTS-239, mixed mode, emulated-client, sharing, tiered, compressed oops, compressed class ptrs, g1 gc, windows-amd64)
GC Precious Log:
 CardTable entry size: 512
 Card Set container configuration: InlinePtr #cards 4 size 8 Array Of Cards #cards 16 size 48 Howl #buckets 8 coarsen threshold 3686 Howl Bitmap #cards 512 size 80 coarsen threshold 460 Card regions per heap region 1 cards per card region 4096
 CPUs: 8 total, 8 available
 Memory: 16253M
 Large Page Support: Disabled
 NUMA Support: Disabled
 Compressed Oops: Enabled (Zero based)
 Heap Region Size: 2M
 Heap Min Capacity: 8M
 Heap Initial Capacity: 254M
 Heap Max Capacity: 4064M
 Pre-touch: Disabled
 Parallel Workers: 8
 Concurrent Workers: 2
 Concurrent Refinement Workers: 8
 Periodic GC: Disabled
Heap:
 garbage-first heap   total 157696K, used 110154K [0x0000000702000000, 0x0000000800000000)
  region size 2048K, 19 young (38912K), 4 survivors (8192K)
 Metaspace       used 100049K, committed 101184K, reserved 1179648K
  class space    used 14178K, committed 14720K, reserved 1048576K
GC Heap History (20 events):
Event: 18.740 GC heap before
{Heap before GC invocations=34 (full 0):
 garbage-first heap   total 120832K, used 103820K [0x0000000702000000, 0x0000000800000000)
  region size 2048K, 22 young (45056K), 3 survivors (6144K)
 Metaspace       used 86471K, committed 87360K, reserved 1179648K
  class space    used 12094K, committed 12480K, reserved 1048576K
}
Event: 18.744 GC heap after
{Heap after GC invocations=35 (full 0):
 garbage-first heap   total 120832K, used 66672K [0x0000000702000000, 0x0000000800000000)
  region size 2048K, 2 young (4096K), 2 survivors (4096K)
 Metaspace       used 86471K, committed 87360K, reserved 1179648K
  class space    used 12094K, committed 12480K, reserved 1048576K
}
Event: 19.210 GC heap before
{Heap before GC invocations=36 (full 0):
 garbage-first heap   total 122880K, used 109680K [0x0000000702000000, 0x0000000800000000)
  region size 2048K, 23 young (47104K), 2 survivors (4096K)
 Metaspace       used 87080K, committed 88000K, reserved 1179648K
  class space    used 12167K, committed 12608K, reserved 1048576K
}
Event: 19.213 GC heap after
{Heap after GC invocations=37 (full 0):
 garbage-first heap   total 122880K, used 68126K [0x0000000702000000, 0x0000000800000000)
  region size 2048K, 2 young (4096K), 2 survivors (4096K)
 Metaspace       used 87080K, committed 88000K, reserved 1179648K
  class space    used 12167K, committed 12608K, reserved 1048576K
}
Event: 19.623 GC heap before
{Heap before GC invocations=37 (full 0):
 garbage-first heap   total 122880K, used 111134K [0x0000000702000000, 0x0000000800000000)
  region size 2048K, 23 young (47104K), 2 survivors (4096K)
 Metaspace       used 88440K, committed 89408K, reserved 1179648K
  class space    used 12382K, committed 12864K, reserved 1048576K
}
Event: 19.631 GC heap after
{Heap after GC invocations=38 (full 0):
 garbage-first heap   total 122880K, used 69765K [0x0000000702000000, 0x0000000800000000)
  region size 2048K, 3 young (6144K), 3 survivors (6144K)
 Metaspace       used 88440K, committed 89408K, reserved 1179648K
  class space    used 12382K, committed 12864K, reserved 1048576K
}
Event: 20.024 GC heap before
{Heap before GC invocations=38 (full 0):
 garbage-first heap   total 122880K, used 108677K [0x0000000702000000, 0x0000000800000000)
  region size 2048K, 22 young (45056K), 3 survivors (6144K)
 Metaspace       used 88743K, committed 89664K, reserved 1179648K
  class space    used 12437K, committed 12864K, reserved 1048576K
}
Event: 20.028 GC heap after
{Heap after GC invocations=39 (full 0):
 garbage-first heap   total 122880K, used 71256K [0x0000000702000000, 0x0000000800000000)
  region size 2048K, 2 young (4096K), 2 survivors (4096K)
 Metaspace       used 88743K, committed 89664K, reserved 1179648K
  class space    used 12437K, committed 12864K, reserved 1048576K
}
Event: 20.485 GC heap before
{Heap before GC invocations=40 (full 0):
 garbage-first heap   total 131072K, used 110168K [0x0000000702000000, 0x0000000800000000)
  region size 2048K, 21 young (43008K), 2 survivors (4096K)
 Metaspace       used 89184K, committed 90176K, reserved 1179648K
  class space    used 12520K, committed 12992K, reserved 1048576K
}
Event: 20.489 GC heap after
{Heap after GC invocations=41 (full 0):
 garbage-first heap   total 131072K, used 72619K [0x0000000702000000, 0x0000000800000000)
  region size 2048K, 2 young (4096K), 2 survivors (4096K)
 Metaspace       used 89184K, committed 90176K, reserved 1179648K
  class space    used 12520K, committed 12992K, reserved 1048576K
}
Event: 21.024 GC heap before
{Heap before GC invocations=41 (full 0):
 garbage-first heap   total 131072K, used 115627K [0x0000000702000000, 0x0000000800000000)
  region size 2048K, 23 young (47104K), 2 survivors (4096K)
 Metaspace       used 89662K, committed 90624K, reserved 1179648K
  class space    used 12587K, committed 13056K, reserved 1048576K
}
Event: 21.030 GC heap after
{Heap after GC invocations=42 (full 0):
 garbage-first heap   total 157696K, used 74503K [0x0000000702000000, 0x0000000800000000)
  region size 2048K, 3 young (6144K), 3 survivors (6144K)
 Metaspace       used 89662K, committed 90624K, reserved 1179648K
  class space    used 12587K, committed 13056K, reserved 1048576K
}
Event: 21.769 GC heap before
{Heap before GC invocations=42 (full 0):
 garbage-first heap   total 157696K, used 140039K [0x0000000702000000, 0x0000000800000000)
  region size 2048K, 35 young (71680K), 3 survivors (6144K)
 Metaspace       used 91109K, committed 92160K, reserved 1179648K
  class space    used 12816K, committed 13312K, reserved 1048576K
}
Event: 21.774 GC heap after
{Heap after GC invocations=43 (full 0):
 garbage-first heap   total 157696K, used 76924K [0x0000000702000000, 0x0000000800000000)
  region size 2048K, 4 young (8192K), 4 survivors (8192K)
 Metaspace       used 91109K, committed 92160K, reserved 1179648K
  class space    used 12816K, committed 13312K, reserved 1048576K
}
Event: 22.228 GC heap before
{Heap before GC invocations=43 (full 0):
 garbage-first heap   total 157696K, used 138364K [0x0000000702000000, 0x0000000800000000)
  region size 2048K, 34 young (69632K), 4 survivors (8192K)
 Metaspace       used 91680K, committed 92736K, reserved 1179648K
  class space    used 12892K, committed 13376K, reserved 1048576K
}
Event: 22.234 GC heap after
{Heap after GC invocations=44 (full 0):
 garbage-first heap   total 157696K, used 79445K [0x0000000702000000, 0x0000000800000000)
  region size 2048K, 4 young (8192K), 4 survivors (8192K)
 Metaspace       used 91680K, committed 92736K, reserved 1179648K
  class space    used 12892K, committed 13376K, reserved 1048576K
}
Event: 22.835 GC heap before
{Heap before GC invocations=44 (full 0):
 garbage-first heap   total 157696K, used 138837K [0x0000000702000000, 0x0000000800000000)
  region size 2048K, 33 young (67584K), 4 survivors (8192K)
 Metaspace       used 93533K, committed 94528K, reserved 1179648K
  class space    used 13188K, committed 13632K, reserved 1048576K
}
Event: 22.842 GC heap after
{Heap after GC invocations=45 (full 0):
 garbage-first heap   total 157696K, used 79407K [0x0000000702000000, 0x0000000800000000)
  region size 2048K, 3 young (6144K), 3 survivors (6144K)
 Metaspace       used 93533K, committed 94528K, reserved 1179648K
  class space    used 13188K, committed 13632K, reserved 1048576K
}
Event: 23.442 GC heap before
{Heap before GC invocations=46 (full 0):
 garbage-first heap   total 157696K, used 140847K [0x0000000702000000, 0x0000000800000000)
  region size 2048K, 33 young (67584K), 3 survivors (6144K)
 Metaspace       used 97826K, committed 98880K, reserved 1179648K
  class space    used 13826K, committed 14336K, reserved 1048576K
}
Event: 23.448 GC heap after
{Heap after GC invocations=47 (full 0):
 garbage-first heap   total 157696K, used 81482K [0x0000000702000000, 0x0000000800000000)
  region size 2048K, 4 young (8192K), 4 survivors (8192K)
 Metaspace       used 97826K, committed 98880K, reserved 1179648K
  class space    used 13826K, committed 14336K, reserved 1048576K
}

